<?xml version="1.0" encoding="UTF-8"?>
<testng-results skipped="0" failed="0" ignored="0" total="2" passed="2">
  <reporter-output>
  </reporter-output>
  <suite name="Surefire suite" duration-ms="7234" started-at="2020-03-03T18:36:34 EST" finished-at="2020-03-03T18:36:41 EST">
    <groups>
    </groups>
    <test name="Surefire test" duration-ms="7234" started-at="2020-03-03T18:36:34 EST" finished-at="2020-03-03T18:36:41 EST">
      <class name="allTests.HomePageTest">
        <test-method status="PASS" signature="titileValidation()[pri:0, instance:allTests.HomePageTest@887af79]" name="titileValidation" duration-ms="4268" started-at="2020-03-03T18:36:34 EST" finished-at="2020-03-03T18:36:38 EST">
          <reporter-output>
          </reporter-output>
        </test-method> <!-- titileValidation -->
        <test-method status="PASS" signature="valiadteComputertext()[pri:0, instance:allTests.HomePageTest@887af79]" name="valiadteComputertext" duration-ms="2788" started-at="2020-03-03T18:36:38 EST" finished-at="2020-03-03T18:36:41 EST">
          <reporter-output>
          </reporter-output>
        </test-method> <!-- valiadteComputertext -->
        <test-method status="PASS" signature="teardown()[pri:0, instance:allTests.HomePageTest@887af79]" name="teardown" is-config="true" duration-ms="149" started-at="2020-03-03T18:36:41 EST" finished-at="2020-03-03T18:36:41 EST">
          <reporter-output>
          </reporter-output>
        </test-method> <!-- teardown -->
      </class> <!-- allTests.HomePageTest -->
    </test> <!-- Surefire test -->
  </suite> <!-- Surefire suite -->
</testng-results>
